<?xml version='1.0' encoding='UTF-8'?>
<testsuites>
  <testsuite name="Test Suite" device="acceptance" tests="1" failures="1" time="133.628" timestamp="2026-09-22T14:08:13">
    <testcase id="issue7-kero-migration" name="issue7-kero-migration" classname="issue7-kero-migration" file="artifacts/android/flows/issue7-kero-migration.yaml" time="133.616" timestamp="2026-09-22T14:08:13" status="ERROR">
      <failure>Assertion is false: "解析中.*局面" is visible</failure>
    </testcase>
  </testsuite>
</testsuites>
