<?xml version='1.0' encoding='UTF-8'?>
<testsuites>
  <testsuite name="Test Suite" device="acceptance" tests="1" failures="1" time="114.199" timestamp="2026-09-22T14:26:39">
    <testcase id="issue7-stop-resume" name="issue7-stop-resume" classname="issue7-stop-resume" file="artifacts/android/flows/issue7-stop-resume.yaml" time="114.186" timestamp="2026-09-22T14:26:39" status="ERROR">
      <failure>No visible element found: id: analysis-stop</failure>
    </testcase>
  </testsuite>
</testsuites>
