<?xml version='1.0' encoding='UTF-8'?>
<testsuites>
  <testsuite name="Test Suite" device="acceptance" tests="1" failures="1" time="43.663" timestamp="2026-09-22T14:21:32">
    <testcase id="issue7-kero-migration" name="issue7-kero-migration" classname="issue7-kero-migration" file="artifacts/android/flows/issue7-kero-migration.yaml" time="43.653" timestamp="2026-09-22T14:21:32" status="ERROR">
      <failure>Assertion is false: id: analysis-stop is visible</failure>
    </testcase>
  </testsuite>
</testsuites>
