<?xml version='1.0' encoding='UTF-8'?>
<testsuites>
  <testsuite name="Test Suite" device="acceptance" tests="1" failures="1" time="42.497" timestamp="2026-09-22T14:23:14">
    <testcase id="issue7-stop-resume" name="issue7-stop-resume" classname="issue7-stop-resume" file="artifacts/android/flows/issue7-stop-resume.yaml" time="42.486" timestamp="2026-09-22T14:23:14" status="ERROR">
      <failure>Assertion is false: id: analysis-stop is visible</failure>
    </testcase>
  </testsuite>
</testsuites>
