<?xml version='1.0' encoding='UTF-8'?>
<testsuites>
  <testsuite name="Test Suite" device="iPhone 18 Pro - iOS 27.0 - 1308A109-3EE0-4711-9287-85246639DBC7" tests="1" failures="1" time="99.305" timestamp="2026-09-22T06:45:46">
    <testcase id="ios-visual-review" name="ios-visual-review" classname="ios-visual-review" file=".maestro/ios-visual-review.yaml" time="99.292" timestamp="2026-09-22T06:45:46" status="ERROR">
      <failure>No visible element found: id: analysis-ready</failure>
    </testcase>
  </testsuite>
</testsuites>
