<?xml version='1.0' encoding='UTF-8'?>
<testsuites>
  <testsuite name="Test Suite" device="acceptance" tests="1" failures="1" time="99.077" timestamp="2026-09-22T19:47:56">
    <testcase id="analysis-partial-review" name="analysis-partial-review" classname="analysis-partial-review" file=".maestro/analysis-partial-review.yaml" time="99.054" timestamp="2026-09-22T19:47:56" status="ERROR">
      <failure>Assertion is false: "41 / 80手" is visible</failure>
    </testcase>
  </testsuite>
</testsuites>
