<?xml version='1.0' encoding='UTF-8'?>
<testsuites>
  <testsuite name="Test Suite" device="iPhone 18 Pro - iOS 27.0 - 1308A109-3EE0-4711-9287-85246639DBC7" tests="1" failures="0" time="65.236" timestamp="2026-09-22T12:12:17">
    <testcase id="analysis-partial-review-ios" name="analysis-partial-review-ios" classname="analysis-partial-review-ios" file="artifacts/ios/helpers/analysis-partial-review-ios.yaml" time="65.21" timestamp="2026-09-22T12:12:17" status="SUCCESS"/>
  </testsuite>
</testsuites>
