<?xml version='1.0' encoding='UTF-8'?>
<testsuites>
  <testsuite name="Test Suite" device="acceptance" tests="1" failures="1" time="101.795" timestamp="2026-09-22T18:48:51">
    <testcase id="analysis-partial-review-patched" name="analysis-partial-review-patched" classname="analysis-partial-review-patched" file="/tmp/analysis-partial-review-patched.yaml" time="101.777" timestamp="2026-09-22T18:48:51" status="ERROR">
      <failure>Assertion is false: "41 / 80手" is visible</failure>
    </testcase>
  </testsuite>
</testsuites>
