<?xml version='1.0' encoding='UTF-8'?>
<testsuites>
  <testsuite name="Test Suite" device="acceptance" tests="1" failures="1" time="625.021" timestamp="2026-09-23T08:13:59">
    <testcase id="analysis-partial-review" name="analysis-partial-review" classname="analysis-partial-review" file=".maestro/analysis-partial-review.yaml" time="625.008" timestamp="2026-09-23T08:13:59" status="ERROR">
      <failure>Assertion is false: "解析処理が終了しました" is visible</failure>
    </testcase>
  </testsuite>
</testsuites>
