<?xml version='1.0' encoding='UTF-8'?>
<testsuites>
  <testsuite name="Test Suite" device="iPhone 18 Pro - iOS 27.0 - 1308A109-3EE0-4711-9287-85246639DBC7" tests="1" failures="1" time="318.381" timestamp="2026-09-22T07:23:13">
    <testcase id="migration-check-fixed" name="migration-check-fixed" classname="migration-check-fixed" file="artifacts/ios/helpers/migration-check-fixed.yaml" time="317.989" timestamp="2026-09-22T07:23:13" status="ERROR">
      <failure>Assertion is false: "全局解析が完了しました" is visible</failure>
    </testcase>
  </testsuite>
</testsuites>
