<?xml version='1.0' encoding='UTF-8'?>
<testsuites>
  <testsuite name="Test Suite" device="iPhone 18 Pro - iOS 27.0 - 1308A109-3EE0-4711-9287-85246639DBC7" tests="1" failures="1" time="63.254" timestamp="2026-09-22T12:56:40">
    <testcase id="background-review-ios" name="background-review-ios" classname="background-review-ios" file="artifacts/ios/helpers/background-review-ios.yaml" time="63.242" timestamp="2026-09-22T12:56:40" status="ERROR">
      <failure>Assertion is false: id: library-screen is visible</failure>
    </testcase>
  </testsuite>
</testsuites>
