<?xml version='1.0' encoding='UTF-8'?>
<testsuites>
  <testsuite name="Test Suite" device="iPhone 18 Pro - iOS 27.0 - 1308A109-3EE0-4711-9287-85246639DBC7" tests="1" failures="1" time="48.654" timestamp="2026-09-23T04:06:47">
    <testcase id="export-review-ios" name="export-review-ios" classname="export-review-ios" file=".maestro/export-review-ios.yaml" time="48.646" timestamp="2026-09-23T04:06:47" status="ERROR">
      <failure>Assertion is false: "On My iPhone|このiPhone内|Meeshogi ?Fixtures" is visible</failure>
    </testcase>
  </testsuite>
</testsuites>
