<?xml version='1.0' encoding='UTF-8'?>
<testsuites>
  <testsuite name="Test Suite" device="iPhone 18 Pro - iOS 27.0 - 1308A109-3EE0-4711-9287-85246639DBC7" tests="1" failures="1" time="149.129" timestamp="2026-09-22T09:35:32">
    <testcase id="partial-check" name="partial-check" classname="partial-check" file="artifacts/ios/helpers/partial-check.yaml" time="149.115" timestamp="2026-09-22T09:35:32" status="ERROR">
      <failure>Assertion is false: "解析中 .* / 81局面", id: analysis-status is visible</failure>
    </testcase>
  </testsuite>
</testsuites>
